# JRE version: Java(TM) SE Runtime Environment (8.0_121-b13) (build 1.8.0_121-b13)
# Java VM: Java HotSpot(TM) 64-Bit Server VM (25.121-b13 mixed mode linux-amd64 compressed oops)
Heap:
 PSYoungGen      total 14848K, used 11399K [0x00000000e3000000, 0x00000000e4980000, 0x0000000100000000)
  eden space 10240K, 69% used [0x00000000e3000000,0x00000000e36f0c98,0x00000000e3a00000)
  from space 4608K, 93% used [0x00000000e3a00000,0x00000000e3e31128,0x00000000e3e80000)
  to   space 5120K, 0% used [0x00000000e4480000,0x00000000e4480000,0x00000000e4980000)
 ParOldGen       total 10240K, used 4689K [0x00000000a9000000, 0x00000000a9a00000, 0x00000000e3000000)
  object space 10240K, 45% used [0x00000000a9000000,0x00000000a9494770,0x00000000a9a00000)
 Metaspace       used 8450K, capacity 9024K, committed 9216K, reserved 1056768K
  class space    used 993K, capacity 1012K, committed 1024K, reserved 1048576K
GC Heap History (10 events):
Event: 2.207 GC heap before
{Heap before GC invocations=4 (full 0):
 PSYoungGen      total 3584K, used 3568K [0x00000000e3000000, 0x00000000e3700000, 0x0000000100000000)
  eden space 3072K, 100% used [0x00000000e3000000,0x00000000e3300000,0x00000000e3300000)
  from space 512K, 96% used [0x00000000e3300000,0x00000000e337c030,0x00000000e3380000)
  to   space 512K, 0% used [0x00000000e3680000,0x00000000e3680000,0x00000000e3700000)
 ParOldGen       total 5632K, used 516K [0x00000000a9000000, 0x00000000a9580000, 0x00000000e3000000)
  object space 5632K, 9% used [0x00000000a9000000,0x00000000a9081050,0x00000000a9580000)
 Metaspace       used 6250K, capacity 7404K, committed 7552K, reserved 1056768K
  class space    used 782K, capacity 808K, committed 896K, reserved 1048576K
Event: 2.214 GC heap after
Heap after GC invocations=4 (full 0):
 PSYoungGen      total 6656K, used 480K [0x00000000e3000000, 0x00000000e3700000, 0x0000000100000000)
  eden space 6144K, 0% used [0x00000000e3000000,0x00000000e3000000,0x00000000e3600000)
  from space 512K, 93% used [0x00000000e3680000,0x00000000e36f8020,0x00000000e3700000)
  to   space 512K, 0% used [0x00000000e3600000,0x00000000e3600000,0x00000000e3680000)
 ParOldGen       total 5632K, used 911K [0x00000000a9000000, 0x00000000a9580000, 0x00000000e3000000)
  object space 5632K, 16% used [0x00000000a9000000,0x00000000a90e3ca0,0x00000000a9580000)
 Metaspace       used 6250K, capacity 7404K, committed 7552K, reserved 1056768K
  class space    used 782K, capacity 808K, committed 896K, reserved 1048576K
}
Event: 3.133 GC heap before
{Heap before GC invocations=5 (full 0):
 PSYoungGen      total 6656K, used 6624K [0x00000000e3000000, 0x00000000e3700000, 0x0000000100000000)
  eden space 6144K, 100% used [0x00000000e3000000,0x00000000e3600000,0x00000000e3600000)
  from space 512K, 93% used [0x00000000e3680000,0x00000000e36f8020,0x00000000e3700000)
  to   space 512K, 0% used [0x00000000e3600000,0x00000000e3600000,0x00000000e3680000)
 ParOldGen       total 5632K, used 911K [0x00000000a9000000, 0x00000000a9580000, 0x00000000e3000000)
  object space 5632K, 16% used [0x00000000a9000000,0x00000000a90e3ca0,0x00000000a9580000)
 Metaspace       used 7370K, capacity 8244K, committed 8448K, reserved 1056768K
  class space    used 890K, capacity 944K, committed 1024K, reserved 1048576K
Event: 3.157 GC heap after
Heap after GC invocations=5 (full 0):
 PSYoungGen      total 6656K, used 480K [0x00000000e3000000, 0x00000000e4300000, 0x0000000100000000)
  eden space 6144K, 0% used [0x00000000e3000000,0x00000000e3000000,0x00000000e3600000)
  from space 512K, 93% used [0x00000000e3600000,0x00000000e3678020,0x00000000e3680000)
  to   space 3584K, 0% used [0x00000000e3f80000,0x00000000e3f80000,0x00000000e4300000)
 ParOldGen       total 5632K, used 4194K [0x00000000a9000000, 0x00000000a9580000, 0x00000000e3000000)
  object space 5632K, 74% used [0x00000000a9000000,0x00000000a94189b0,0x00000000a9580000)
 Metaspace       used 7370K, capacity 8244K, committed 8448K, reserved 1056768K
  class space    used 890K, capacity 944K, committed 1024K, reserved 1048576K
}
Event: 3.157 GC heap before
{Heap before GC invocations=6 (full 1):
 PSYoungGen      total 6656K, used 480K [0x00000000e3000000, 0x00000000e4300000, 0x0000000100000000)
  eden space 6144K, 0% used [0x00000000e3000000,0x00000000e3000000,0x00000000e3600000)
  from space 512K, 93% used [0x00000000e3600000,0x00000000e3678020,0x00000000e3680000)
  to   space 3584K, 0% used [0x00000000e3f80000,0x00000000e3f80000,0x00000000e4300000)
 ParOldGen       total 5632K, used 4194K [0x00000000a9000000, 0x00000000a9580000, 0x00000000e3000000)
  object space 5632K, 74% used [0x00000000a9000000,0x00000000a94189b0,0x00000000a9580000)
 Metaspace       used 7370K, capacity 8244K, committed 8448K, reserved 1056768K
  class space    used 890K, capacity 944K, committed 1024K, reserved 1048576K
Event: 3.249 GC heap after
Heap after GC invocations=6 (full 1):
 PSYoungGen      total 6656K, used 0K [0x00000000e3000000, 0x00000000e4300000, 0x0000000100000000)
  eden space 6144K, 0% used [0x00000000e3000000,0x00000000e3000000,0x00000000e3600000)
  from space 512K, 0% used [0x00000000e3600000,0x00000000e3600000,0x00000000e3680000)
  to   space 3584K, 0% used [0x00000000e3f80000,0x00000000e3f80000,0x00000000e4300000)
 ParOldGen       total 10240K, used 4577K [0x00000000a9000000, 0x00000000a9a00000, 0x00000000e3000000)
  object space 10240K, 44% used [0x00000000a9000000,0x00000000a9478770,0x00000000a9a00000)
 Metaspace       used 7370K, capacity 8244K, committed 8448K, reserved 1056768K
  class space    used 890K, capacity 944K, committed 1024K, reserved 1048576K
}
Event: 3.474 GC heap before
{Heap before GC invocations=7 (full 1):
 PSYoungGen      total 6656K, used 6144K [0x00000000e3000000, 0x00000000e4300000, 0x0000000100000000)
  eden space 6144K, 100% used [0x00000000e3000000,0x00000000e3600000,0x00000000e3600000)
  from space 512K, 0% used [0x00000000e3600000,0x00000000e3600000,0x00000000e3680000)
  to   space 3584K, 0% used [0x00000000e3f80000,0x00000000e3f80000,0x00000000e4300000)
 ParOldGen       total 10240K, used 4577K [0x00000000a9000000, 0x00000000a9a00000, 0x00000000e3000000)
  object space 10240K, 44% used [0x00000000a9000000,0x00000000a9478770,0x00000000a9a00000)
 Metaspace       used 7404K, capacity 8244K, committed 8448K, reserved 1056768K
  class space    used 891K, capacity 944K, committed 1024K, reserved 1048576K
Event: 3.498 GC heap after
Heap after GC invocations=7 (full 1):
 PSYoungGen      total 13312K, used 3582K [0x00000000e3000000, 0x00000000e4300000, 0x0000000100000000)
  eden space 9728K, 0% used [0x00000000e3000000,0x00000000e3000000,0x00000000e3980000)
  from space 3584K, 99% used [0x00000000e3f80000,0x00000000e42ffbe8,0x00000000e4300000)
  to   space 4608K, 0% used [0x00000000e3a00000,0x00000000e3a00000,0x00000000e3e80000)
 ParOldGen       total 10240K, used 4681K [0x00000000a9000000, 0x00000000a9a00000, 0x00000000e3000000)
  object space 10240K, 45% used [0x00000000a9000000,0x00000000a9492770,0x00000000a9a00000)
 Metaspace       used 7404K, capacity 8244K, committed 8448K, reserved 1056768K
  class space    used 891K, capacity 944K, committed 1024K, reserved 1048576K
}
Event: 3.877 GC heap before
{Heap before GC invocations=8 (full 1):
 PSYoungGen      total 13312K, used 13310K [0x00000000e3000000, 0x00000000e4300000, 0x0000000100000000)
  eden space 9728K, 100% used [0x00000000e3000000,0x00000000e3980000,0x00000000e3980000)
  from space 3584K, 99% used [0x00000000e3f80000,0x00000000e42ffbe8,0x00000000e4300000)
  to   space 4608K, 0% used [0x00000000e3a00000,0x00000000e3a00000,0x00000000e3e80000)
 ParOldGen       total 10240K, used 4681K [0x00000000a9000000, 0x00000000a9a00000, 0x00000000e3000000)
  object space 10240K, 45% used [0x00000000a9000000,0x00000000a9492770,0x00000000a9a00000)
 Metaspace       used 7602K, capacity 8436K, committed 8704K, reserved 1056768K
  class space    used 904K, capacity 944K, committed 1024K, reserved 1048576K
Event: 3.898 GC heap after
Heap after GC invocations=8 (full 1):
 PSYoungGen      total 14848K, used 4292K [0x00000000e3000000, 0x00000000e4980000, 0x0000000100000000)
  eden space 10240K, 0% used [0x00000000e3000000,0x00000000e3000000,0x00000000e3a00000)
  from space 4608K, 93% used [0x00000000e3a00000,0x00000000e3e31128,0x00000000e3e80000)
  to   space 5120K, 0% used [0x00000000e4480000,0x00000000e4480000,0x00000000e4980000)
 ParOldGen       total 10240K, used 4689K [0x00000000a9000000, 0x00000000a9a00000, 0x00000000e3000000)
  object space 10240K, 45% used [0x00000000a9000000,0x00000000a9494770,0x00000000a9a00000)
 Metaspace       used 7602K, capacity 8436K, committed 8704K, reserved 1056768K
  class space    used 904K, capacity 944K, committed 1024K, reserved 1048576K
}

